-------------------------------------------------------------------------------
Test set: net.sourceforge.pmd.lang.pom.rule.basic.BasicRulesTest
-------------------------------------------------------------------------------
Tests run: 2, Failures: 0, Errors: 2, Skipped: 0, Time elapsed: 0.028 sec <<< FAILURE! - in net.sourceforge.pmd.lang.pom.rule.basic.BasicRulesTest
ProjectVersionAsDependencyVersion::0 Simple POM file(net.sourceforge.pmd.lang.pom.rule.basic.BasicRulesTest)  Time elapsed: 0.015 sec  <<< ERROR!
java.lang.RuntimeException: "Simple POM file" failed
	at net.sourceforge.pmd.testframework.RuleTst.runTest(RuleTst.java:102)
	at net.sourceforge.pmd.testframework.PMDTestRunner.run(PMDTestRunner.java:128)
	at org.apache.maven.surefire.junit4.JUnit4Provider.execute(JUnit4Provider.java:283)
	at org.apache.maven.surefire.junit4.JUnit4Provider.executeWithRerun(JUnit4Provider.java:173)
	at org.apache.maven.surefire.junit4.JUnit4Provider.executeTestSet(JUnit4Provider.java:153)
	at org.apache.maven.surefire.junit4.JUnit4Provider.invoke(JUnit4Provider.java:128)
	at org.apache.maven.surefire.booter.ForkedBooter.invokeProviderInSameClassLoader(ForkedBooter.java:203)
	at org.apache.maven.surefire.booter.ForkedBooter.runSuitesInProcess(ForkedBooter.java:155)
	at org.apache.maven.surefire.booter.ForkedBooter.main(ForkedBooter.java:103)
Caused by: java.lang.RuntimeException: net.sourceforge.pmd.PMDException: Error while parsing n/a
	at net.sourceforge.pmd.testframework.RuleTst.runTestFromString(RuleTst.java:223)
	at net.sourceforge.pmd.testframework.RuleTst.runTestFromString(RuleTst.java:228)
	at net.sourceforge.pmd.testframework.RuleTst.processUsingStringReader(RuleTst.java:194)
	at net.sourceforge.pmd.testframework.RuleTst.runTest(RuleTst.java:98)
	at net.sourceforge.pmd.testframework.PMDTestRunner.run(PMDTestRunner.java:128)
	at org.apache.maven.surefire.junit4.JUnit4Provider.execute(JUnit4Provider.java:283)
	at org.apache.maven.surefire.junit4.JUnit4Provider.executeWithRerun(JUnit4Provider.java:173)
	at org.apache.maven.surefire.junit4.JUnit4Provider.executeTestSet(JUnit4Provider.java:153)
	at org.apache.maven.surefire.junit4.JUnit4Provider.invoke(JUnit4Provider.java:128)
	at org.apache.maven.surefire.booter.ForkedBooter.invokeProviderInSameClassLoader(ForkedBooter.java:203)
	at org.apache.maven.surefire.booter.ForkedBooter.runSuitesInProcess(ForkedBooter.java:155)
	at org.apache.maven.surefire.booter.ForkedBooter.main(ForkedBooter.java:103)
Caused by: net.sourceforge.pmd.PMDException: Error while parsing n/a
	at net.sourceforge.pmd.SourceCodeProcessor.processSourceCode(SourceCodeProcessor.java:83)
	at net.sourceforge.pmd.testframework.RuleTst.runTestFromString(RuleTst.java:220)
	at net.sourceforge.pmd.testframework.RuleTst.runTestFromString(RuleTst.java:228)
	at net.sourceforge.pmd.testframework.RuleTst.processUsingStringReader(RuleTst.java:194)
	at net.sourceforge.pmd.testframework.RuleTst.runTest(RuleTst.java:98)
	at net.sourceforge.pmd.testframework.PMDTestRunner.run(PMDTestRunner.java:128)
	at org.apache.maven.surefire.junit4.JUnit4Provider.execute(JUnit4Provider.java:283)
	at org.apache.maven.surefire.junit4.JUnit4Provider.executeWithRerun(JUnit4Provider.java:173)
	at org.apache.maven.surefire.junit4.JUnit4Provider.executeTestSet(JUnit4Provider.java:153)
	at org.apache.maven.surefire.junit4.JUnit4Provider.invoke(JUnit4Provider.java:128)
	at org.apache.maven.surefire.booter.ForkedBooter.invokeProviderInSameClassLoader(ForkedBooter.java:203)
	at org.apache.maven.surefire.booter.ForkedBooter.runSuitesInProcess(ForkedBooter.java:155)
	at org.apache.maven.surefire.booter.ForkedBooter.main(ForkedBooter.java:103)
Caused by: net.sourceforge.pmd.lang.ast.ParseException: org.xml.sax.SAXParseException; lineNumber: 1; columnNumber: 1; 文件提前结束。
	at net.sourceforge.pmd.lang.xml.ast.XmlParser.parseDocument(XmlParser.java:64)
	at net.sourceforge.pmd.lang.xml.ast.XmlParser.parse(XmlParser.java:71)
	at net.sourceforge.pmd.lang.xml.XmlParser.parse(XmlParser.java:35)
	at net.sourceforge.pmd.SourceCodeProcessor.parse(SourceCodeProcessor.java:95)
	at net.sourceforge.pmd.SourceCodeProcessor.processSource(SourceCodeProcessor.java:142)
	at net.sourceforge.pmd.SourceCodeProcessor.processSourceCode(SourceCodeProcessor.java:80)
	at net.sourceforge.pmd.testframework.RuleTst.runTestFromString(RuleTst.java:220)
	at net.sourceforge.pmd.testframework.RuleTst.runTestFromString(RuleTst.java:228)
	at net.sourceforge.pmd.testframework.RuleTst.processUsingStringReader(RuleTst.java:194)
	at net.sourceforge.pmd.testframework.RuleTst.runTest(RuleTst.java:98)
	at net.sourceforge.pmd.testframework.PMDTestRunner.run(PMDTestRunner.java:128)
	at org.apache.maven.surefire.junit4.JUnit4Provider.execute(JUnit4Provider.java:283)
	at org.apache.maven.surefire.junit4.JUnit4Provider.executeWithRerun(JUnit4Provider.java:173)
	at org.apache.maven.surefire.junit4.JUnit4Provider.executeTestSet(JUnit4Provider.java:153)
	at org.apache.maven.surefire.junit4.JUnit4Provider.invoke(JUnit4Provider.java:128)
	at org.apache.maven.surefire.booter.ForkedBooter.invokeProviderInSameClassLoader(ForkedBooter.java:203)
	at org.apache.maven.surefire.booter.ForkedBooter.runSuitesInProcess(ForkedBooter.java:155)
	at org.apache.maven.surefire.booter.ForkedBooter.main(ForkedBooter.java:103)
Caused by: org.xml.sax.SAXParseException: 文件提前结束。
	at com.sun.org.apache.xerces.internal.parsers.DOMParser.parse(DOMParser.java:257)
	at com.sun.org.apache.xerces.internal.jaxp.DocumentBuilderImpl.parse(DocumentBuilderImpl.java:347)
	at net.sourceforge.pmd.lang.xml.ast.XmlParser.parseDocument(XmlParser.java:57)
	at net.sourceforge.pmd.lang.xml.ast.XmlParser.parse(XmlParser.java:71)
	at net.sourceforge.pmd.lang.xml.XmlParser.parse(XmlParser.java:35)
	at net.sourceforge.pmd.SourceCodeProcessor.parse(SourceCodeProcessor.java:95)
	at net.sourceforge.pmd.SourceCodeProcessor.processSource(SourceCodeProcessor.java:142)
	at net.sourceforge.pmd.SourceCodeProcessor.processSourceCode(SourceCodeProcessor.java:80)
	at net.sourceforge.pmd.testframework.RuleTst.runTestFromString(RuleTst.java:220)
	at net.sourceforge.pmd.testframework.RuleTst.runTestFromString(RuleTst.java:228)
	at net.sourceforge.pmd.testframework.RuleTst.processUsingStringReader(RuleTst.java:194)
	at net.sourceforge.pmd.testframework.RuleTst.runTest(RuleTst.java:98)
	at net.sourceforge.pmd.testframework.PMDTestRunner.run(PMDTestRunner.java:128)
	at org.apache.maven.surefire.junit4.JUnit4Provider.execute(JUnit4Provider.java:283)
	at org.apache.maven.surefire.junit4.JUnit4Provider.executeWithRerun(JUnit4Provider.java:173)
	at org.apache.maven.surefire.junit4.JUnit4Provider.executeTestSet(JUnit4Provider.java:153)
	at org.apache.maven.surefire.junit4.JUnit4Provider.invoke(JUnit4Provider.java:128)
	at org.apache.maven.surefire.booter.ForkedBooter.invokeProviderInSameClassLoader(ForkedBooter.java:203)
	at org.apache.maven.surefire.booter.ForkedBooter.runSuitesInProcess(ForkedBooter.java:155)
	at org.apache.maven.surefire.booter.ForkedBooter.main(ForkedBooter.java:103)

ProjectVersionAsDependencyVersion::1 Simple POM file with violation(net.sourceforge.pmd.lang.pom.rule.basic.BasicRulesTest)  Time elapsed: 0.01 sec  <<< ERROR!
java.lang.RuntimeException: "Simple POM file with violation" failed
	at net.sourceforge.pmd.testframework.RuleTst.runTest(RuleTst.java:102)
	at net.sourceforge.pmd.testframework.PMDTestRunner.run(PMDTestRunner.java:128)
	at org.apache.maven.surefire.junit4.JUnit4Provider.execute(JUnit4Provider.java:283)
	at org.apache.maven.surefire.junit4.JUnit4Provider.executeWithRerun(JUnit4Provider.java:173)
	at org.apache.maven.surefire.junit4.JUnit4Provider.executeTestSet(JUnit4Provider.java:153)
	at org.apache.maven.surefire.junit4.JUnit4Provider.invoke(JUnit4Provider.java:128)
	at org.apache.maven.surefire.booter.ForkedBooter.invokeProviderInSameClassLoader(ForkedBooter.java:203)
	at org.apache.maven.surefire.booter.ForkedBooter.runSuitesInProcess(ForkedBooter.java:155)
	at org.apache.maven.surefire.booter.ForkedBooter.main(ForkedBooter.java:103)
Caused by: java.lang.RuntimeException: net.sourceforge.pmd.PMDException: Error while parsing n/a
	at net.sourceforge.pmd.testframework.RuleTst.runTestFromString(RuleTst.java:223)
	at net.sourceforge.pmd.testframework.RuleTst.runTestFromString(RuleTst.java:228)
	at net.sourceforge.pmd.testframework.RuleTst.processUsingStringReader(RuleTst.java:194)
	at net.sourceforge.pmd.testframework.RuleTst.runTest(RuleTst.java:98)
	at net.sourceforge.pmd.testframework.PMDTestRunner.run(PMDTestRunner.java:128)
	at org.apache.maven.surefire.junit4.JUnit4Provider.execute(JUnit4Provider.java:283)
	at org.apache.maven.surefire.junit4.JUnit4Provider.executeWithRerun(JUnit4Provider.java:173)
	at org.apache.maven.surefire.junit4.JUnit4Provider.executeTestSet(JUnit4Provider.java:153)
	at org.apache.maven.surefire.junit4.JUnit4Provider.invoke(JUnit4Provider.java:128)
	at org.apache.maven.surefire.booter.ForkedBooter.invokeProviderInSameClassLoader(ForkedBooter.java:203)
	at org.apache.maven.surefire.booter.ForkedBooter.runSuitesInProcess(ForkedBooter.java:155)
	at org.apache.maven.surefire.booter.ForkedBooter.main(ForkedBooter.java:103)
Caused by: net.sourceforge.pmd.PMDException: Error while parsing n/a
	at net.sourceforge.pmd.SourceCodeProcessor.processSourceCode(SourceCodeProcessor.java:83)
	at net.sourceforge.pmd.testframework.RuleTst.runTestFromString(RuleTst.java:220)
	at net.sourceforge.pmd.testframework.RuleTst.runTestFromString(RuleTst.java:228)
	at net.sourceforge.pmd.testframework.RuleTst.processUsingStringReader(RuleTst.java:194)
	at net.sourceforge.pmd.testframework.RuleTst.runTest(RuleTst.java:98)
	at net.sourceforge.pmd.testframework.PMDTestRunner.run(PMDTestRunner.java:128)
	at org.apache.maven.surefire.junit4.JUnit4Provider.execute(JUnit4Provider.java:283)
	at org.apache.maven.surefire.junit4.JUnit4Provider.executeWithRerun(JUnit4Provider.java:173)
	at org.apache.maven.surefire.junit4.JUnit4Provider.executeTestSet(JUnit4Provider.java:153)
	at org.apache.maven.surefire.junit4.JUnit4Provider.invoke(JUnit4Provider.java:128)
	at org.apache.maven.surefire.booter.ForkedBooter.invokeProviderInSameClassLoader(ForkedBooter.java:203)
	at org.apache.maven.surefire.booter.ForkedBooter.runSuitesInProcess(ForkedBooter.java:155)
	at org.apache.maven.surefire.booter.ForkedBooter.main(ForkedBooter.java:103)
Caused by: net.sourceforge.pmd.lang.ast.ParseException: org.xml.sax.SAXParseException; lineNumber: 1; columnNumber: 1; 文件提前结束。
	at net.sourceforge.pmd.lang.xml.ast.XmlParser.parseDocument(XmlParser.java:64)
	at net.sourceforge.pmd.lang.xml.ast.XmlParser.parse(XmlParser.java:71)
	at net.sourceforge.pmd.lang.xml.XmlParser.parse(XmlParser.java:35)
	at net.sourceforge.pmd.SourceCodeProcessor.parse(SourceCodeProcessor.java:95)
	at net.sourceforge.pmd.SourceCodeProcessor.processSource(SourceCodeProcessor.java:142)
	at net.sourceforge.pmd.SourceCodeProcessor.processSourceCode(SourceCodeProcessor.java:80)
	at net.sourceforge.pmd.testframework.RuleTst.runTestFromString(RuleTst.java:220)
	at net.sourceforge.pmd.testframework.RuleTst.runTestFromString(RuleTst.java:228)
	at net.sourceforge.pmd.testframework.RuleTst.processUsingStringReader(RuleTst.java:194)
	at net.sourceforge.pmd.testframework.RuleTst.runTest(RuleTst.java:98)
	at net.sourceforge.pmd.testframework.PMDTestRunner.run(PMDTestRunner.java:128)
	at org.apache.maven.surefire.junit4.JUnit4Provider.execute(JUnit4Provider.java:283)
	at org.apache.maven.surefire.junit4.JUnit4Provider.executeWithRerun(JUnit4Provider.java:173)
	at org.apache.maven.surefire.junit4.JUnit4Provider.executeTestSet(JUnit4Provider.java:153)
	at org.apache.maven.surefire.junit4.JUnit4Provider.invoke(JUnit4Provider.java:128)
	at org.apache.maven.surefire.booter.ForkedBooter.invokeProviderInSameClassLoader(ForkedBooter.java:203)
	at org.apache.maven.surefire.booter.ForkedBooter.runSuitesInProcess(ForkedBooter.java:155)
	at org.apache.maven.surefire.booter.ForkedBooter.main(ForkedBooter.java:103)
Caused by: org.xml.sax.SAXParseException: 文件提前结束。
	at com.sun.org.apache.xerces.internal.parsers.DOMParser.parse(DOMParser.java:257)
	at com.sun.org.apache.xerces.internal.jaxp.DocumentBuilderImpl.parse(DocumentBuilderImpl.java:347)
	at net.sourceforge.pmd.lang.xml.ast.XmlParser.parseDocument(XmlParser.java:57)
	at net.sourceforge.pmd.lang.xml.ast.XmlParser.parse(XmlParser.java:71)
	at net.sourceforge.pmd.lang.xml.XmlParser.parse(XmlParser.java:35)
	at net.sourceforge.pmd.SourceCodeProcessor.parse(SourceCodeProcessor.java:95)
	at net.sourceforge.pmd.SourceCodeProcessor.processSource(SourceCodeProcessor.java:142)
	at net.sourceforge.pmd.SourceCodeProcessor.processSourceCode(SourceCodeProcessor.java:80)
	at net.sourceforge.pmd.testframework.RuleTst.runTestFromString(RuleTst.java:220)
	at net.sourceforge.pmd.testframework.RuleTst.runTestFromString(RuleTst.java:228)
	at net.sourceforge.pmd.testframework.RuleTst.processUsingStringReader(RuleTst.java:194)
	at net.sourceforge.pmd.testframework.RuleTst.runTest(RuleTst.java:98)
	at net.sourceforge.pmd.testframework.PMDTestRunner.run(PMDTestRunner.java:128)
	at org.apache.maven.surefire.junit4.JUnit4Provider.execute(JUnit4Provider.java:283)
	at org.apache.maven.surefire.junit4.JUnit4Provider.executeWithRerun(JUnit4Provider.java:173)
	at org.apache.maven.surefire.junit4.JUnit4Provider.executeTestSet(JUnit4Provider.java:153)
	at org.apache.maven.surefire.junit4.JUnit4Provider.invoke(JUnit4Provider.java:128)
	at org.apache.maven.surefire.booter.ForkedBooter.invokeProviderInSameClassLoader(ForkedBooter.java:203)
	at org.apache.maven.surefire.booter.ForkedBooter.runSuitesInProcess(ForkedBooter.java:155)
	at org.apache.maven.surefire.booter.ForkedBooter.main(ForkedBooter.java:103)

