<?xml version="1.0" encoding="UTF-8"?>
<testsuite name="net.sourceforge.pmd.lang.java.rule.sunsecure.SunSecureRulesTest" time="0.094" tests="30" errors="0" skipped="0" failures="0">
  <properties>
[...]
</properties>
  <testcase name="ArrayIsStoredDirectly::0 Clear violation" classname="net.sourceforge.pmd.lang.java.rule.sunsecure.SunSecureRulesTest" time="0.004"/>
  <testcase name="ArrayIsStoredDirectly::1 Clear violation with this." classname="net.sourceforge.pmd.lang.java.rule.sunsecure.SunSecureRulesTest" time="0.002"/>
  <testcase name="ArrayIsStoredDirectly::2 assignment to an internal array" classname="net.sourceforge.pmd.lang.java.rule.sunsecure.SunSecureRulesTest" time="0.003"/>
  <testcase name="ArrayIsStoredDirectly::3 assignment of param to local" classname="net.sourceforge.pmd.lang.java.rule.sunsecure.SunSecureRulesTest" time="0.002"/>
  <testcase name="ArrayIsStoredDirectly::4 skip interfaces" classname="net.sourceforge.pmd.lang.java.rule.sunsecure.SunSecureRulesTest" time="0.003"/>
  <testcase name="ArrayIsStoredDirectly::5 skip abstract, native" classname="net.sourceforge.pmd.lang.java.rule.sunsecure.SunSecureRulesTest" time="0.002"/>
  <testcase name="ArrayIsStoredDirectly::6 equality expression, not assignment" classname="net.sourceforge.pmd.lang.java.rule.sunsecure.SunSecureRulesTest" time="0.004"/>
  <testcase name="ArrayIsStoredDirectly::7 assignment of array element" classname="net.sourceforge.pmd.lang.java.rule.sunsecure.SunSecureRulesTest" time="0.004"/>
  <testcase name="ArrayIsStoredDirectly::8 Constructor clear violation" classname="net.sourceforge.pmd.lang.java.rule.sunsecure.SunSecureRulesTest" time="0.002"/>
  <testcase name="ArrayIsStoredDirectly::9 Constructor no violation" classname="net.sourceforge.pmd.lang.java.rule.sunsecure.SunSecureRulesTest" time="0.003"/>
  <testcase name="ArrayIsStoredDirectly::10 No reassignment" classname="net.sourceforge.pmd.lang.java.rule.sunsecure.SunSecureRulesTest" time="0.003"/>
  <testcase name="ArrayIsStoredDirectly::11 #1063 False+: ArrayIsStoredDirectly" classname="net.sourceforge.pmd.lang.java.rule.sunsecure.SunSecureRulesTest" time="0.003"/>
  <testcase name="ArrayIsStoredDirectly::12 #1476 False positive of ArrayIsStoredDirectly" classname="net.sourceforge.pmd.lang.java.rule.sunsecure.SunSecureRulesTest" time="0.005"/>
  <testcase name="MethodReturnsInternalArray::0 Clear violation" classname="net.sourceforge.pmd.lang.java.rule.sunsecure.SunSecureRulesTest" time="0.002"/>
  <testcase name="MethodReturnsInternalArray::1 Clear violation with this." classname="net.sourceforge.pmd.lang.java.rule.sunsecure.SunSecureRulesTest" time="0.003"/>
  <testcase name="MethodReturnsInternalArray::2 ok" classname="net.sourceforge.pmd.lang.java.rule.sunsecure.SunSecureRulesTest" time="0.003"/>
  <testcase name="MethodReturnsInternalArray::3 tricky field hiding" classname="net.sourceforge.pmd.lang.java.rule.sunsecure.SunSecureRulesTest" time="0.002"/>
  <testcase name="MethodReturnsInternalArray::4 really sick code" classname="net.sourceforge.pmd.lang.java.rule.sunsecure.SunSecureRulesTest" time="0.005"/>
  <testcase name="MethodReturnsInternalArray::5 returning a local array is ok" classname="net.sourceforge.pmd.lang.java.rule.sunsecure.SunSecureRulesTest" time="0.004"/>
  <testcase name="MethodReturnsInternalArray::6 returning a local array is ok part deux" classname="net.sourceforge.pmd.lang.java.rule.sunsecure.SunSecureRulesTest" time="0.004"/>
  <testcase name="MethodReturnsInternalArray::7 returning a cloned field" classname="net.sourceforge.pmd.lang.java.rule.sunsecure.SunSecureRulesTest" time="0.002"/>
  <testcase name="MethodReturnsInternalArray::8 returning a new array" classname="net.sourceforge.pmd.lang.java.rule.sunsecure.SunSecureRulesTest" time="0.003"/>
  <testcase name="MethodReturnsInternalArray::9 Doesn&apos;t return array" classname="net.sourceforge.pmd.lang.java.rule.sunsecure.SunSecureRulesTest" time="0.003"/>
  <testcase name="MethodReturnsInternalArray::10 Interface with array declaration" classname="net.sourceforge.pmd.lang.java.rule.sunsecure.SunSecureRulesTest" time="0.003"/>
  <testcase name="MethodReturnsInternalArray::11 #962 MethodReturnsInternalArray: False positive using a ternary operator" classname="net.sourceforge.pmd.lang.java.rule.sunsecure.SunSecureRulesTest" time="0.003"/>
  <testcase name="MethodReturnsInternalArray::12 #1299 MethodReturnsInternalArray false positive" classname="net.sourceforge.pmd.lang.java.rule.sunsecure.SunSecureRulesTest" time="0.003"/>
  <testcase name="MethodReturnsInternalArray::13 #1324 MethodReturnsInternalArray false positive with clone()" classname="net.sourceforge.pmd.lang.java.rule.sunsecure.SunSecureRulesTest" time="0.004"/>
  <testcase name="MethodReturnsInternalArray::14 #1322 MethodReturnsInternalArray on private methods" classname="net.sourceforge.pmd.lang.java.rule.sunsecure.SunSecureRulesTest" time="0.003"/>
  <testcase name="MethodReturnsInternalArray::15 #1475 False positive of MethodReturnsInternalArray" classname="net.sourceforge.pmd.lang.java.rule.sunsecure.SunSecureRulesTest" time="0.003"/>
  <testcase name="MethodReturnsInternalArray::16 #1475 False positive of MethodReturnsInternalArray - ArrayAllocation" classname="net.sourceforge.pmd.lang.java.rule.sunsecure.SunSecureRulesTest" time="0.004"/>
</testsuite>