<?xml version="1.0" encoding="UTF-8"?>
<testsuite name="net.sourceforge.pmd.lang.java.rule.strictexception.StrictExceptionRulesTest" time="0.119" tests="46" errors="0" skipped="0" failures="0">
  <properties>
[...]
</properties>
  <testcase name="AvoidCatchingGenericException::0 failure case" classname="net.sourceforge.pmd.lang.java.rule.strictexception.StrictExceptionRulesTest" time="0.002"/>
  <testcase name="AvoidCatchingGenericException::1 catching another type, ok" classname="net.sourceforge.pmd.lang.java.rule.strictexception.StrictExceptionRulesTest" time="0.002"/>
  <testcase name="AvoidCatchingGenericException::2 throwing it, ok" classname="net.sourceforge.pmd.lang.java.rule.strictexception.StrictExceptionRulesTest" time="0.003"/>
  <testcase name="AvoidCatchingNPE::0 failure case" classname="net.sourceforge.pmd.lang.java.rule.strictexception.StrictExceptionRulesTest" time="0.001"/>
  <testcase name="AvoidCatchingNPE::1 catching another type, ok" classname="net.sourceforge.pmd.lang.java.rule.strictexception.StrictExceptionRulesTest" time="0.003"/>
  <testcase name="AvoidCatchingNPE::2 throwing it, ok" classname="net.sourceforge.pmd.lang.java.rule.strictexception.StrictExceptionRulesTest" time="0.002"/>
  <testcase name="AvoidCatchingThrowable::0 simple failure case" classname="net.sourceforge.pmd.lang.java.rule.strictexception.StrictExceptionRulesTest" time="0.002"/>
  <testcase name="AvoidCatchingThrowable::1 ok" classname="net.sourceforge.pmd.lang.java.rule.strictexception.StrictExceptionRulesTest" time="0.002"/>
  <testcase name="AvoidLosingExceptionInformation::0 basic failure case" classname="net.sourceforge.pmd.lang.java.rule.strictexception.StrictExceptionRulesTest" time="0.003"/>
  <testcase name="AvoidLosingExceptionInformation::1 fetch the value returned by getMessage(), ok" classname="net.sourceforge.pmd.lang.java.rule.strictexception.StrictExceptionRulesTest" time="0.003"/>
  <testcase name="AvoidLosingExceptionInformation::2 fetch the value returned by getCause(), ok" classname="net.sourceforge.pmd.lang.java.rule.strictexception.StrictExceptionRulesTest" time="0.003"/>
  <testcase name="AvoidLosingExceptionInformation::3 a mix of guilty calls to getMessage(), getLocalizedMessage(), getCause() or getStackTrace(), failure" classname="net.sourceforge.pmd.lang.java.rule.strictexception.StrictExceptionRulesTest" time="0.003"/>
  <testcase name="AvoidLosingExceptionInformation::4 a larger mix of guilty calls to getMessage(), getLocalizedMessage(), getCause(), getStackTrace() or toString(), failure" classname="net.sourceforge.pmd.lang.java.rule.strictexception.StrictExceptionRulesTest" time="0.004"/>
  <testcase name="AvoidRethrowingException::0 failure case" classname="net.sourceforge.pmd.lang.java.rule.strictexception.StrictExceptionRulesTest" time="0.002"/>
  <testcase name="AvoidRethrowingException::1 doing something else before throwing it, ok" classname="net.sourceforge.pmd.lang.java.rule.strictexception.StrictExceptionRulesTest" time="0.002"/>
  <testcase name="AvoidRethrowingException::2 throwing the return value of a method call on the exception, ok" classname="net.sourceforge.pmd.lang.java.rule.strictexception.StrictExceptionRulesTest" time="0.003"/>
  <testcase name="AvoidRethrowingException::3 throwing a different exception, ok" classname="net.sourceforge.pmd.lang.java.rule.strictexception.StrictExceptionRulesTest" time="0.002"/>
  <testcase name="AvoidThrowingNewInstanceOfSameException::0 basic failure case" classname="net.sourceforge.pmd.lang.java.rule.strictexception.StrictExceptionRulesTest" time="0.002"/>
  <testcase name="AvoidThrowingNewInstanceOfSameException::1 do something else before throwing a new instance of the same exception, ok" classname="net.sourceforge.pmd.lang.java.rule.strictexception.StrictExceptionRulesTest" time="0.002"/>
  <testcase name="AvoidThrowingNewInstanceOfSameException::2 repackage cause as an instance of the same exception, failure" classname="net.sourceforge.pmd.lang.java.rule.strictexception.StrictExceptionRulesTest" time="0.003"/>
  <testcase name="AvoidThrowingNewInstanceOfSameException::3 throw new instance of the same exception with a different message, ok" classname="net.sourceforge.pmd.lang.java.rule.strictexception.StrictExceptionRulesTest" time="0.002"/>
  <testcase name="AvoidThrowingNewInstanceOfSameException::4 throw new instance of the same exception with the same message, failure" classname="net.sourceforge.pmd.lang.java.rule.strictexception.StrictExceptionRulesTest" time="0.002"/>
  <testcase name="AvoidThrowingNewInstanceOfSameException::5 throws a new instance of the same exception without any arguments, ok" classname="net.sourceforge.pmd.lang.java.rule.strictexception.StrictExceptionRulesTest" time="0.001"/>
  <testcase name="AvoidThrowingNewInstanceOfSameException::6 throws a new instance of the same exception from a nested try/catch block, ok" classname="net.sourceforge.pmd.lang.java.rule.strictexception.StrictExceptionRulesTest" time="0.003"/>
  <testcase name="AvoidThrowingNewInstanceOfSameException::7 wraps the exception in a new instance of the same exception from a nested try/catch block, ok" classname="net.sourceforge.pmd.lang.java.rule.strictexception.StrictExceptionRulesTest" time="0.003"/>
  <testcase name="AvoidThrowingNullPointerException::0 throwing various types" classname="net.sourceforge.pmd.lang.java.rule.strictexception.StrictExceptionRulesTest" time="0.002"/>
  <testcase name="AvoidThrowingRawExceptionTypes::0 throwing various types" classname="net.sourceforge.pmd.lang.java.rule.strictexception.StrictExceptionRulesTest" time="0.002"/>
  <testcase name="AvoidThrowingRawExceptionTypes::1 Bug 1796928 : The code uses a classe that use the same names that the one this rule is 				looking for..." classname="net.sourceforge.pmd.lang.java.rule.strictexception.StrictExceptionRulesTest" time="0.003"/>
  <testcase name="AvoidThrowingRawExceptionTypes::2 #1337: False positive &quot;Avoid throwing raw exception types&quot; when exception is not thrown" classname="net.sourceforge.pmd.lang.java.rule.strictexception.StrictExceptionRulesTest" time="0.002"/>
  <testcase name="DoNotExtendJavaLangError::0 Extends with fully qualified name" classname="net.sourceforge.pmd.lang.java.rule.strictexception.StrictExceptionRulesTest" time="0.002"/>
  <testcase name="DoNotExtendJavaLangError::1 Extends with implicit import" classname="net.sourceforge.pmd.lang.java.rule.strictexception.StrictExceptionRulesTest" time="0.002"/>
  <testcase name="DoNotExtendJavaLangError::2 Extends something else" classname="net.sourceforge.pmd.lang.java.rule.strictexception.StrictExceptionRulesTest" time="0.003"/>
  <testcase name="DoNotThrowExceptionInFinally::0 classic failure case" classname="net.sourceforge.pmd.lang.java.rule.strictexception.StrictExceptionRulesTest" time="0.002"/>
  <testcase name="ExceptionAsFlowControl::0 failure case" classname="net.sourceforge.pmd.lang.java.rule.strictexception.StrictExceptionRulesTest" time="0.003"/>
  <testcase name="ExceptionAsFlowControl::1 normal throw catch" classname="net.sourceforge.pmd.lang.java.rule.strictexception.StrictExceptionRulesTest" time="0.002"/>
  <testcase name="ExceptionAsFlowControl::2 BUG 996007" classname="net.sourceforge.pmd.lang.java.rule.strictexception.StrictExceptionRulesTest" time="0.004"/>
  <testcase name="ExceptionAsFlowControl::3 NPE" classname="net.sourceforge.pmd.lang.java.rule.strictexception.StrictExceptionRulesTest" time="0.003"/>
  <testcase name="SignatureDeclareThrowsException::0 method throws Exception" classname="net.sourceforge.pmd.lang.java.rule.strictexception.StrictExceptionRulesTest" time="0.003"/>
  <testcase name="SignatureDeclareThrowsException::1 ok" classname="net.sourceforge.pmd.lang.java.rule.strictexception.StrictExceptionRulesTest" time="0.003"/>
  <testcase name="SignatureDeclareThrowsException::2 constructor throws Exception" classname="net.sourceforge.pmd.lang.java.rule.strictexception.StrictExceptionRulesTest" time="0.003"/>
  <testcase name="SignatureDeclareThrowsException::3 skip junit setUp method" classname="net.sourceforge.pmd.lang.java.rule.strictexception.StrictExceptionRulesTest" time="0.003"/>
  <testcase name="SignatureDeclareThrowsException::4 skip junit tearDown method" classname="net.sourceforge.pmd.lang.java.rule.strictexception.StrictExceptionRulesTest" time="0.003"/>
  <testcase name="SignatureDeclareThrowsException::5 Generics" classname="net.sourceforge.pmd.lang.java.rule.strictexception.StrictExceptionRulesTest" time="0.003"/>
  <testcase name="SignatureDeclareThrowsException::6 skip any method starting with &apos;test&apos;" classname="net.sourceforge.pmd.lang.java.rule.strictexception.StrictExceptionRulesTest" time="0.004"/>
  <testcase name="SignatureDeclareThrowsException::7 #913 SignatureDeclareThrowsException is raised twice" classname="net.sourceforge.pmd.lang.java.rule.strictexception.StrictExceptionRulesTest" time="0.004"/>
  <testcase name="SignatureDeclareThrowsException::8 #1535 [java] SignatureDeclareThrowsException: ClassCastException with Annotation" classname="net.sourceforge.pmd.lang.java.rule.strictexception.StrictExceptionRulesTest" time="0.003"/>
</testsuite>