<?xml version="1.0" encoding="UTF-8"?>
<testsuite name="net.sourceforge.pmd.lang.java.rule.naming.NamingRulesTest" time="0.444" tests="118" errors="0" skipped="0" failures="0">
  <properties>
[...]
</properties>
  <testcase name="AbstractNaming::0 ok, abstract class AbstractFoo" classname="net.sourceforge.pmd.lang.java.rule.naming.NamingRulesTest" time="0.006"/>
  <testcase name="AbstractNaming::1 bad, abstract class named Foo" classname="net.sourceforge.pmd.lang.java.rule.naming.NamingRulesTest" time="0.004"/>
  <testcase name="AbstractNaming::2 ok, concrete class named AbstractFoo" classname="net.sourceforge.pmd.lang.java.rule.naming.NamingRulesTest" time="0.005"/>
  <testcase name="AbstractNaming::3 ok, concrete class named Foo" classname="net.sourceforge.pmd.lang.java.rule.naming.NamingRulesTest" time="0.005"/>
  <testcase name="AbstractNaming::4 #1344 AbstractNaming should check reverse" classname="net.sourceforge.pmd.lang.java.rule.naming.NamingRulesTest" time="0.003"/>
  <testcase name="AvoidDollarSigns::0 class Fo$o" classname="net.sourceforge.pmd.lang.java.rule.naming.NamingRulesTest" time="0.003"/>
  <testcase name="AvoidDollarSigns::1 variable fo$oo" classname="net.sourceforge.pmd.lang.java.rule.naming.NamingRulesTest" time="0.004"/>
  <testcase name="AvoidDollarSigns::2 method foo$oo" classname="net.sourceforge.pmd.lang.java.rule.naming.NamingRulesTest" time="0.004"/>
  <testcase name="AvoidDollarSigns::3 interface fo$oo" classname="net.sourceforge.pmd.lang.java.rule.naming.NamingRulesTest" time="0.005"/>
  <testcase name="AvoidDollarSigns::4 ok" classname="net.sourceforge.pmd.lang.java.rule.naming.NamingRulesTest" time="0.004"/>
  <testcase name="AvoidFieldNameMatchingMethodName::0 TEST1" classname="net.sourceforge.pmd.lang.java.rule.naming.NamingRulesTest" time="0.002"/>
  <testcase name="AvoidFieldNameMatchingMethodName::1 TEST2" classname="net.sourceforge.pmd.lang.java.rule.naming.NamingRulesTest" time="0.004"/>
  <testcase name="AvoidFieldNameMatchingMethodName::2 TEST3" classname="net.sourceforge.pmd.lang.java.rule.naming.NamingRulesTest" time="0.004"/>
  <testcase name="AvoidFieldNameMatchingMethodName::3 TEST4" classname="net.sourceforge.pmd.lang.java.rule.naming.NamingRulesTest" time="0.005"/>
  <testcase name="AvoidFieldNameMatchingMethodName::4 Just skip interfaces" classname="net.sourceforge.pmd.lang.java.rule.naming.NamingRulesTest" time="0.004"/>
  <testcase name="AvoidFieldNameMatchingTypeName::0 TEST1" classname="net.sourceforge.pmd.lang.java.rule.naming.NamingRulesTest" time="0.004"/>
  <testcase name="AvoidFieldNameMatchingTypeName::1 TEST2" classname="net.sourceforge.pmd.lang.java.rule.naming.NamingRulesTest" time="0.004"/>
  <testcase name="AvoidFieldNameMatchingTypeName::2 TEST3" classname="net.sourceforge.pmd.lang.java.rule.naming.NamingRulesTest" time="0.004"/>
  <testcase name="AvoidFieldNameMatchingTypeName::3 TEST4" classname="net.sourceforge.pmd.lang.java.rule.naming.NamingRulesTest" time="0.004"/>
  <testcase name="AvoidFieldNameMatchingTypeName::4 interface" classname="net.sourceforge.pmd.lang.java.rule.naming.NamingRulesTest" time="0.004"/>
  <testcase name="BooleanGetMethodName::0 Bad name" classname="net.sourceforge.pmd.lang.java.rule.naming.NamingRulesTest" time="0.003"/>
  <testcase name="BooleanGetMethodName::1 Good name" classname="net.sourceforge.pmd.lang.java.rule.naming.NamingRulesTest" time="0.004"/>
  <testcase name="BooleanGetMethodName::2 Should not match on multiple parameters by default" classname="net.sourceforge.pmd.lang.java.rule.naming.NamingRulesTest" time="0.003"/>
  <testcase name="BooleanGetMethodName::3 Should not match on methods annotated with @Override" classname="net.sourceforge.pmd.lang.java.rule.naming.NamingRulesTest" time="0.005"/>
  <testcase name="BooleanGetMethodName::4 Should match on multiple parameters when checkParameterizedMethods = true" classname="net.sourceforge.pmd.lang.java.rule.naming.NamingRulesTest" time="0.005"/>
  <testcase name="ClassNamingConventions::0 class names should not start with lowercase character" classname="net.sourceforge.pmd.lang.java.rule.naming.NamingRulesTest" time="0.004"/>
  <testcase name="ClassNamingConventions::1 all is well" classname="net.sourceforge.pmd.lang.java.rule.naming.NamingRulesTest" time="0.004"/>
  <testcase name="GenericsNaming::0 1 upper case/single letter" classname="net.sourceforge.pmd.lang.java.rule.naming.NamingRulesTest" time="0.004"/>
  <testcase name="GenericsNaming::1 2 upper case/single letter" classname="net.sourceforge.pmd.lang.java.rule.naming.NamingRulesTest" time="0.005"/>
  <testcase name="GenericsNaming::2 1 lower Case/single letter" classname="net.sourceforge.pmd.lang.java.rule.naming.NamingRulesTest" time="0.014"/>
  <testcase name="GenericsNaming::3 1 lower case/multiple letter" classname="net.sourceforge.pmd.lang.java.rule.naming.NamingRulesTest" time="0.003"/>
  <testcase name="LongVariable::0 param" classname="net.sourceforge.pmd.lang.java.rule.naming.NamingRulesTest" time="0.003"/>
  <testcase name="LongVariable::1 ok" classname="net.sourceforge.pmd.lang.java.rule.naming.NamingRulesTest" time="0.003"/>
  <testcase name="LongVariable::2 local" classname="net.sourceforge.pmd.lang.java.rule.naming.NamingRulesTest" time="0.004"/>
  <testcase name="LongVariable::3 for" classname="net.sourceforge.pmd.lang.java.rule.naming.NamingRulesTest" time="0.004"/>
  <testcase name="LongVariable::4 17 character max" classname="net.sourceforge.pmd.lang.java.rule.naming.NamingRulesTest" time="0.004"/>
  <testcase name="LongVariable::5 threshold test" classname="net.sourceforge.pmd.lang.java.rule.naming.NamingRulesTest" time="0.004"/>
  <testcase name="MethodNamingConventions::0 method names should start with lowercase character" classname="net.sourceforge.pmd.lang.java.rule.naming.NamingRulesTest" time="0.003"/>
  <testcase name="MethodNamingConventions::1 method names should not contain underscores" classname="net.sourceforge.pmd.lang.java.rule.naming.NamingRulesTest" time="0.005"/>
  <testcase name="MethodNamingConventions::2 all is well" classname="net.sourceforge.pmd.lang.java.rule.naming.NamingRulesTest" time="0.003"/>
  <testcase name="MethodNamingConventions::3 #1288 MethodNamingConventions for native should be deactivated" classname="net.sourceforge.pmd.lang.java.rule.naming.NamingRulesTest" time="0.004"/>
  <testcase name="MethodNamingConventions::4 #1288 MethodNamingConventions for native should be deactivated - prevent false negative" classname="net.sourceforge.pmd.lang.java.rule.naming.NamingRulesTest" time="0.003"/>
  <testcase name="MethodNamingConventions::5 #1343 MethodNamingConventions for overrided methods" classname="net.sourceforge.pmd.lang.java.rule.naming.NamingRulesTest" time="0.005"/>
  <testcase name="MethodWithSameNameAsEnclosingClass::0 bad" classname="net.sourceforge.pmd.lang.java.rule.naming.NamingRulesTest" time="0.004"/>
  <testcase name="MethodWithSameNameAsEnclosingClass::1 ok" classname="net.sourceforge.pmd.lang.java.rule.naming.NamingRulesTest" time="0.003"/>
  <testcase name="MethodWithSameNameAsEnclosingClass::2 doesn&apos;t crash on interfaces" classname="net.sourceforge.pmd.lang.java.rule.naming.NamingRulesTest" time="0.005"/>
  <testcase name="MisleadingVariableName::0 misnamed param" classname="net.sourceforge.pmd.lang.java.rule.naming.NamingRulesTest" time="0.005"/>
  <testcase name="MisleadingVariableName::1 misnamed local" classname="net.sourceforge.pmd.lang.java.rule.naming.NamingRulesTest" time="0.003"/>
  <testcase name="MisleadingVariableName::2 all&apos;s well" classname="net.sourceforge.pmd.lang.java.rule.naming.NamingRulesTest" time="0.004"/>
  <testcase name="NoPackage::0 bad" classname="net.sourceforge.pmd.lang.java.rule.naming.NamingRulesTest" time="0.003"/>
  <testcase name="NoPackage::1 good" classname="net.sourceforge.pmd.lang.java.rule.naming.NamingRulesTest" time="0.004"/>
  <testcase name="NoPackage::2 nested package" classname="net.sourceforge.pmd.lang.java.rule.naming.NamingRulesTest" time="0.002"/>
  <testcase name="PackageCase::0 bad" classname="net.sourceforge.pmd.lang.java.rule.naming.NamingRulesTest" time="0.004"/>
  <testcase name="PackageCase::1 good" classname="net.sourceforge.pmd.lang.java.rule.naming.NamingRulesTest" time="0.003"/>
  <testcase name="ShortClassName::0 ShortClassName basic test case" classname="net.sourceforge.pmd.lang.java.rule.naming.NamingRulesTest" time="0.003"/>
  <testcase name="ShortClassName::1 ShortClassName basic test case 2 : More code and other declarations" classname="net.sourceforge.pmd.lang.java.rule.naming.NamingRulesTest" time="0.003"/>
  <testcase name="ShortClassName::2 ShortClassName works with private classes." classname="net.sourceforge.pmd.lang.java.rule.naming.NamingRulesTest" time="0.003"/>
  <testcase name="ShortClassName::3 #1143 ShortClassName fires with a 5-letter class name" classname="net.sourceforge.pmd.lang.java.rule.naming.NamingRulesTest" time="0.003"/>
  <testcase name="ShortClassName::4 #1232 Make ShortClassName configurable (default = 5)" classname="net.sourceforge.pmd.lang.java.rule.naming.NamingRulesTest" time="0.002"/>
  <testcase name="ShortClassName::5 #1232 Make ShortClassName configurable (minimum length = 2)" classname="net.sourceforge.pmd.lang.java.rule.naming.NamingRulesTest" time="0.003"/>
  <testcase name="ShortClassName::6 #1232 Make ShortClassName configurable (minimum length = 4)" classname="net.sourceforge.pmd.lang.java.rule.naming.NamingRulesTest" time="0.003"/>
  <testcase name="ShortMethodName::0 ok" classname="net.sourceforge.pmd.lang.java.rule.naming.NamingRulesTest" time="0.003"/>
  <testcase name="ShortMethodName::1 bad" classname="net.sourceforge.pmd.lang.java.rule.naming.NamingRulesTest" time="0.003"/>
  <testcase name="ShortMethodName::2 2 violations" classname="net.sourceforge.pmd.lang.java.rule.naming.NamingRulesTest" time="0.003"/>
  <testcase name="ShortMethodName::3 2 methods, 1 violation" classname="net.sourceforge.pmd.lang.java.rule.naming.NamingRulesTest" time="0.003"/>
  <testcase name="ShortMethodName::4 #1361 ShortMethodName configuration - 7 characters" classname="net.sourceforge.pmd.lang.java.rule.naming.NamingRulesTest" time="0.003"/>
  <testcase name="ShortMethodName::5 #1361 ShortMethodName configuration - 1 characters" classname="net.sourceforge.pmd.lang.java.rule.naming.NamingRulesTest" time="0.002"/>
  <testcase name="ShortVariable::0 param" classname="net.sourceforge.pmd.lang.java.rule.naming.NamingRulesTest" time="0.002"/>
  <testcase name="ShortVariable::1 none" classname="net.sourceforge.pmd.lang.java.rule.naming.NamingRulesTest" time="0.003"/>
  <testcase name="ShortVariable::2 local" classname="net.sourceforge.pmd.lang.java.rule.naming.NamingRulesTest" time="0.003"/>
  <testcase name="ShortVariable::3 for" classname="net.sourceforge.pmd.lang.java.rule.naming.NamingRulesTest" time="0.003"/>
  <testcase name="ShortVariable::4 field" classname="net.sourceforge.pmd.lang.java.rule.naming.NamingRulesTest" time="0.003"/>
  <testcase name="ShortVariable::5 catch(Exception e) is OK" classname="net.sourceforge.pmd.lang.java.rule.naming.NamingRulesTest" time="0.003"/>
  <testcase name="ShortVariable::6 ShortVariable false positive with for-each loops" classname="net.sourceforge.pmd.lang.java.rule.naming.NamingRulesTest" time="0.003"/>
  <testcase name="ShortVariable::7 ShortVariable within for-each loops" classname="net.sourceforge.pmd.lang.java.rule.naming.NamingRulesTest" time="0.003"/>
  <testcase name="ShortVariable::8 #1361 ShortVariable configuration - 7 characters" classname="net.sourceforge.pmd.lang.java.rule.naming.NamingRulesTest" time="0.003"/>
  <testcase name="ShortVariable::9 #1361 ShortVariable configuration - 1 characters" classname="net.sourceforge.pmd.lang.java.rule.naming.NamingRulesTest" time="0.002"/>
  <testcase name="SuspiciousConstantFieldName::0 ok" classname="net.sourceforge.pmd.lang.java.rule.naming.NamingRulesTest" time="0.003"/>
  <testcase name="SuspiciousConstantFieldName::1 PI not final" classname="net.sourceforge.pmd.lang.java.rule.naming.NamingRulesTest" time="0.003"/>
  <testcase name="SuspiciousConstantFieldName::2 PI and E not final" classname="net.sourceforge.pmd.lang.java.rule.naming.NamingRulesTest" time="0.003"/>
  <testcase name="SuspiciousConstantFieldName::3 ok" classname="net.sourceforge.pmd.lang.java.rule.naming.NamingRulesTest" time="0.002"/>
  <testcase name="SuspiciousConstantFieldName::4 ignore interfaces" classname="net.sourceforge.pmd.lang.java.rule.naming.NamingRulesTest" time="0.005"/>
  <testcase name="SuspiciousEqualsMethodName::0 bad, equals(Foo foo)" classname="net.sourceforge.pmd.lang.java.rule.naming.NamingRulesTest" time="0.004"/>
  <testcase name="SuspiciousEqualsMethodName::1 ok, equals(Object foo)" classname="net.sourceforge.pmd.lang.java.rule.naming.NamingRulesTest" time="0.005"/>
  <testcase name="SuspiciousEqualsMethodName::2 bad, equal(Object foo)" classname="net.sourceforge.pmd.lang.java.rule.naming.NamingRulesTest" time="0.004"/>
  <testcase name="SuspiciousEqualsMethodName::3 #1431 SuspiciousEqualsMethodName false positive" classname="net.sourceforge.pmd.lang.java.rule.naming.NamingRulesTest" time="0.004"/>
  <testcase name="SuspiciousHashcodeMethodName::0 ok" classname="net.sourceforge.pmd.lang.java.rule.naming.NamingRulesTest" time="0.004"/>
  <testcase name="SuspiciousHashcodeMethodName::1 hashcode" classname="net.sourceforge.pmd.lang.java.rule.naming.NamingRulesTest" time="0.005"/>
  <testcase name="SuspiciousHashcodeMethodName::2 HashCode" classname="net.sourceforge.pmd.lang.java.rule.naming.NamingRulesTest" time="0.004"/>
  <testcase name="SuspiciousHashcodeMethodName::3 Hashcode" classname="net.sourceforge.pmd.lang.java.rule.naming.NamingRulesTest" time="0.003"/>
  <testcase name="VariableNamingConventions::0 member level, final statics should be all caps" classname="net.sourceforge.pmd.lang.java.rule.naming.NamingRulesTest" time="0.003"/>
  <testcase name="VariableNamingConventions::1 member level, non-finals shouldn&apos;t have underscores" classname="net.sourceforge.pmd.lang.java.rule.naming.NamingRulesTest" time="0.005"/>
  <testcase name="VariableNamingConventions::2 local level, non-finals shouldn&apos;t have underscores" classname="net.sourceforge.pmd.lang.java.rule.naming.NamingRulesTest" time="0.004"/>
  <testcase name="VariableNamingConventions::3 method level, non-finals shouldn&apos;t have underscores" classname="net.sourceforge.pmd.lang.java.rule.naming.NamingRulesTest" time="0.004"/>
  <testcase name="VariableNamingConventions::4 constructor level, non-finals shouldn&apos;t have underscores" classname="net.sourceforge.pmd.lang.java.rule.naming.NamingRulesTest" time="0.003"/>
  <testcase name="VariableNamingConventions::5 member level, variables names should start with lowercase character" classname="net.sourceforge.pmd.lang.java.rule.naming.NamingRulesTest" time="0.004"/>
  <testcase name="VariableNamingConventions::6 local level, variables names should start with lowercase character" classname="net.sourceforge.pmd.lang.java.rule.naming.NamingRulesTest" time="0.004"/>
  <testcase name="VariableNamingConventions::7 method level, variables names should start with lowercase character" classname="net.sourceforge.pmd.lang.java.rule.naming.NamingRulesTest" time="0.004"/>
  <testcase name="VariableNamingConventions::8 constructor level, variables names should start with lowercase character" classname="net.sourceforge.pmd.lang.java.rule.naming.NamingRulesTest" time="0.004"/>
  <testcase name="VariableNamingConventions::9 all is well" classname="net.sourceforge.pmd.lang.java.rule.naming.NamingRulesTest" time="0.003"/>
  <testcase name="VariableNamingConventions::10 local finals are ok" classname="net.sourceforge.pmd.lang.java.rule.naming.NamingRulesTest" time="0.004"/>
  <testcase name="VariableNamingConventions::11 serialVersionUID is OK" classname="net.sourceforge.pmd.lang.java.rule.naming.NamingRulesTest" time="0.003"/>
  <testcase name="VariableNamingConventions::12 interface fields are tested" classname="net.sourceforge.pmd.lang.java.rule.naming.NamingRulesTest" time="0.004"/>
  <testcase name="VariableNamingConventions::13 final non-statics need not be all caps" classname="net.sourceforge.pmd.lang.java.rule.naming.NamingRulesTest" time="0.003"/>
  <testcase name="VariableNamingConventions::14 variables in inner classes should not trigger problems in parent declaration" classname="net.sourceforge.pmd.lang.java.rule.naming.NamingRulesTest" time="0.006"/>
  <testcase name="VariableNamingConventions::15 Rule property control" classname="net.sourceforge.pmd.lang.java.rule.naming.NamingRulesTest" time="0.005"/>
  <testcase name="VariableNamingConventions::16 Check prefixes" classname="net.sourceforge.pmd.lang.java.rule.naming.NamingRulesTest" time="0.005"/>
  <testcase name="VariableNamingConventions::17 Check suffixes" classname="net.sourceforge.pmd.lang.java.rule.naming.NamingRulesTest" time="0.004"/>
  <testcase name="VariableNamingConventions::18 Check members disabled" classname="net.sourceforge.pmd.lang.java.rule.naming.NamingRulesTest" time="0.003"/>
  <testcase name="VariableNamingConventions::19 Check locals disabled" classname="net.sourceforge.pmd.lang.java.rule.naming.NamingRulesTest" time="0.004"/>
  <testcase name="VariableNamingConventions::20 Check parameters disabled" classname="net.sourceforge.pmd.lang.java.rule.naming.NamingRulesTest" time="0.003"/>
  <testcase name="VariableNamingConventions::21 False - with non primitive fields (Bug 2225474)" classname="net.sourceforge.pmd.lang.java.rule.naming.NamingRulesTest" time="0.004"/>
  <testcase name="VariableNamingConventions::22 #1058 False positive for VariableNamingConventions" classname="net.sourceforge.pmd.lang.java.rule.naming.NamingRulesTest" time="0.005"/>
  <testcase name="VariableNamingConventions::23 #1293 Disable VariableNamingConventions for native methods" classname="net.sourceforge.pmd.lang.java.rule.naming.NamingRulesTest" time="0.005"/>
  <testcase name="VariableNamingConventions::24 #1293 Disable VariableNamingConventions for native methods - prevent false negative" classname="net.sourceforge.pmd.lang.java.rule.naming.NamingRulesTest" time="0.003"/>
  <testcase name="VariableNamingConventions::25 #1346 VariableNamingConventions do not work for method parameters" classname="net.sourceforge.pmd.lang.java.rule.naming.NamingRulesTest" time="0.003"/>
  <testcase name="VariableNamingConventions::26 #1349 VariableNamingConventions : underscore in final but at first position ?" classname="net.sourceforge.pmd.lang.java.rule.naming.NamingRulesTest" time="0.004"/>
  <testcase name="VariableNamingConventions::27 #1399 False positive for VariableNamingConventions with annotation @interface" classname="net.sourceforge.pmd.lang.java.rule.naming.NamingRulesTest" time="0.003"/>
</testsuite>